../../src/elmer2nc/elmer2nc.sh -r ./result/crmpt12/mesh_dx50/crmpt12_3000a_dt_1_dx_50_MB_-0.50_OFF_spline_k2.result -m ./result/crmpt12/mesh_dx50/ -t 3000 -o ./result/crmpt12/nc/
../../src/elmer2nc/elmer2nc.sh -r ./result/crmpt12/mesh_dx50/crmpt12_3000a_dt_1_dx_50_MB_-0.49_OFF_spline_k2.result -m ./result/crmpt12/mesh_dx50/ -t 3000 -o ./result/crmpt12/nc/
../../src/elmer2nc/elmer2nc.sh -r ./result/crmpt12/mesh_dx50/crmpt12_3000a_dt_1_dx_50_MB_-0.48_OFF_spline_k2.result -m ./result/crmpt12/mesh_dx50/ -t 3000 -o ./result/crmpt12/nc/
../../src/elmer2nc/elmer2nc.sh -r ./result/crmpt12/mesh_dx50/crmpt12_3000a_dt_1_dx_50_MB_-0.47_OFF_spline_k2.result -m ./result/crmpt12/mesh_dx50/ -t 3000 -o ./result/crmpt12/nc/
../../src/elmer2nc/elmer2nc.sh -r ./result/crmpt12/mesh_dx50/crmpt12_3000a_dt_1_dx_50_MB_-0.46_OFF_spline_k2.result -m ./result/crmpt12/mesh_dx50/ -t 3000 -o ./result/crmpt12/nc/
../../src/elmer2nc/elmer2nc.sh -r ./result/crmpt12/mesh_dx50/crmpt12_3000a_dt_1_dx_50_MB_-0.45_OFF_spline_k2.result -m ./result/crmpt12/mesh_dx50/ -t 3000 -o ./result/crmpt12/nc/
../../src/elmer2nc/elmer2nc.sh -r ./result/crmpt12/mesh_dx50/crmpt12_3000a_dt_1_dx_50_MB_-0.44_OFF_spline_k2.result -m ./result/crmpt12/mesh_dx50/ -t 3000 -o ./result/crmpt12/nc/
../../src/elmer2nc/elmer2nc.sh -r ./result/crmpt12/mesh_dx50/crmpt12_3000a_dt_1_dx_50_MB_-0.43_OFF_spline_k2.result -m ./result/crmpt12/mesh_dx50/ -t 3000 -o ./result/crmpt12/nc/
../../src/elmer2nc/elmer2nc.sh -r ./result/crmpt12/mesh_dx50/crmpt12_3000a_dt_1_dx_50_MB_-0.42_OFF_spline_k2.result -m ./result/crmpt12/mesh_dx50/ -t 3000 -o ./result/crmpt12/nc/
../../src/elmer2nc/elmer2nc.sh -r ./result/crmpt12/mesh_dx50/crmpt12_3000a_dt_1_dx_50_MB_-0.41_OFF_spline_k2.result -m ./result/crmpt12/mesh_dx50/ -t 3000 -o ./result/crmpt12/nc/
../../src/elmer2nc/elmer2nc.sh -r ./result/crmpt12/mesh_dx50/crmpt12_3000a_dt_1_dx_50_MB_-0.40_OFF_spline_k2.result -m ./result/crmpt12/mesh_dx50/ -t 3000 -o ./result/crmpt12/nc/
../../src/elmer2nc/elmer2nc.sh -r ./result/crmpt18-a/mesh_dx50/crmpt18-a_3000a_dt_1_dx_50_MB_-0.500_OFF_spline_k2.result -m ./result/crmpt18-a/mesh_dx50/ -t 3000 -o ./result/crmpt18-a/nc/
../../src/elmer2nc/elmer2nc.sh -r ./result/crmpt18-a/mesh_dx50/crmpt18-a_3000a_dt_1_dx_50_MB_-0.475_OFF_spline_k2.result -m ./result/crmpt18-a/mesh_dx50/ -t 3000 -o ./result/crmpt18-a/nc/
../../src/elmer2nc/elmer2nc.sh -r ./result/crmpt18-a/mesh_dx50/crmpt18-a_3000a_dt_1_dx_50_MB_-0.450_OFF_spline_k2.result -m ./result/crmpt18-a/mesh_dx50/ -t 3000 -o ./result/crmpt18-a/nc/
../../src/elmer2nc/elmer2nc.sh -r ./result/crmpt18-a/mesh_dx50/crmpt18-a_3000a_dt_1_dx_50_MB_-0.425_OFF_spline_k2.result -m ./result/crmpt18-a/mesh_dx50/ -t 3000 -o ./result/crmpt18-a/nc/
../../src/elmer2nc/elmer2nc.sh -r ./result/crmpt18-a/mesh_dx50/crmpt18-a_3000a_dt_1_dx_50_MB_-0.400_OFF_spline_k2.result -m ./result/crmpt18-a/mesh_dx50/ -t 3000 -o ./result/crmpt18-a/nc/
../../src/elmer2nc/elmer2nc.sh -r ./result/crmpt18-a/mesh_dx50/crmpt18-a_3000a_dt_1_dx_50_MB_-0.375_OFF_spline_k2.result -m ./result/crmpt18-a/mesh_dx50/ -t 3000 -o ./result/crmpt18-a/nc/
../../src/elmer2nc/elmer2nc.sh -r ./result/crmpt18-a/mesh_dx50/crmpt18-a_3000a_dt_1_dx_50_MB_-0.350_OFF_spline_k2.result -m ./result/crmpt18-a/mesh_dx50/ -t 3000 -o ./result/crmpt18-a/nc/
../../src/elmer2nc/elmer2nc.sh -r ./result/crmpt18-a/mesh_dx50/crmpt18-a_3000a_dt_1_dx_50_MB_-0.325_OFF_spline_k2.result -m ./result/crmpt18-a/mesh_dx50/ -t 3000 -o ./result/crmpt18-a/nc/
../../src/elmer2nc/elmer2nc.sh -r ./result/crmpt18-a/mesh_dx50/crmpt18-a_3000a_dt_1_dx_50_MB_-0.300_OFF_spline_k2.result -m ./result/crmpt18-a/mesh_dx50/ -t 3000 -o ./result/crmpt18-a/nc/
../../src/elmer2nc/elmer2nc.sh -r ./result/crmpt18-a/mesh_dx50/crmpt18-a_3000a_dt_1_dx_50_MB_-0.275_OFF_spline_k2.result -m ./result/crmpt18-a/mesh_dx50/ -t 3000 -o ./result/crmpt18-a/nc/
../../src/elmer2nc/elmer2nc.sh -r ./result/crmpt18-a/mesh_dx50/crmpt18-a_3000a_dt_1_dx_50_MB_-0.250_OFF_spline_k2.result -m ./result/crmpt18-a/mesh_dx50/ -t 3000 -o ./result/crmpt18-a/nc/
../../src/elmer2nc/elmer2nc.sh -r ./result/crmpt18-a/mesh_dx50/crmpt18-a_3000a_dt_1_dx_50_MB_-0.225_OFF_spline_k2.result -m ./result/crmpt18-a/mesh_dx50/ -t 3000 -o ./result/crmpt18-a/nc/
../../src/elmer2nc/elmer2nc.sh -r ./result/crmpt18-a/mesh_dx50/crmpt18-a_3000a_dt_1_dx_50_MB_-0.200_OFF_spline_k2.result -m ./result/crmpt18-a/mesh_dx50/ -t 3000 -o ./result/crmpt18-a/nc/
../../src/elmer2nc/elmer2nc.sh -r ./result/crmpt18-a/mesh_dx50/crmpt18-a_3000a_dt_1_dx_50_MB_-0.175_OFF_spline_k2.result -m ./result/crmpt18-a/mesh_dx50/ -t 3000 -o ./result/crmpt18-a/nc/
../../src/elmer2nc/elmer2nc.sh -r ./result/crmpt18-a/mesh_dx50/crmpt18-a_3000a_dt_1_dx_50_MB_-0.150_OFF_spline_k2.result -m ./result/crmpt18-a/mesh_dx50/ -t 3000 -o ./result/crmpt18-a/nc/
../../src/elmer2nc/elmer2nc.sh -r ./result/crmpt18-a/mesh_dx50/crmpt18-a_3000a_dt_1_dx_50_MB_-0.125_OFF_spline_k2.result -m ./result/crmpt18-a/mesh_dx50/ -t 3000 -o ./result/crmpt18-a/nc/
../../src/elmer2nc/elmer2nc.sh -r ./result/crmpt18-a/mesh_dx50/crmpt18-a_3000a_dt_1_dx_50_MB_-0.100_OFF_spline_k2.result -m ./result/crmpt18-a/mesh_dx50/ -t 3000 -o ./result/crmpt18-a/nc/
../../src/elmer2nc/elmer2nc.sh -r ./result/crmpt18-a/mesh_dx50/crmpt18-a_3000a_dt_1_dx_50_MB_-0.075_OFF_spline_k2.result -m ./result/crmpt18-a/mesh_dx50/ -t 3000 -o ./result/crmpt18-a/nc/
../../src/elmer2nc/elmer2nc.sh -r ./result/crmpt18-a/mesh_dx50/crmpt18-a_3000a_dt_1_dx_50_MB_-0.050_OFF_spline_k2.result -m ./result/crmpt18-a/mesh_dx50/ -t 3000 -o ./result/crmpt18-a/nc/
../../src/elmer2nc/elmer2nc.sh -r ./result/crmpt18-a/mesh_dx50/crmpt18-a_3000a_dt_1_dx_50_MB_-0.025_OFF_spline_k2.result -m ./result/crmpt18-a/mesh_dx50/ -t 3000 -o ./result/crmpt18-a/nc/
../../src/elmer2nc/elmer2nc.sh -r ./result/crmpt18-a/mesh_dx50/crmpt18-a_3000a_dt_1_dx_50_MB_00.000_OFF_spline_k2.result -m ./result/crmpt18-a/mesh_dx50/ -t 3000 -o ./result/crmpt18-a/nc/
../../src/elmer2nc/elmer2nc.sh -r ./result/crmpt18-b/mesh_dx50/crmpt18-b_3000a_dt_1_dx_50_MB_-0.500_OFF_spline_k2.result -m ./result/crmpt18-b/mesh_dx50/ -t 3000 -o ./result/crmpt18-b/nc/
../../src/elmer2nc/elmer2nc.sh -r ./result/crmpt18-b/mesh_dx50/crmpt18-b_3000a_dt_1_dx_50_MB_-0.475_OFF_spline_k2.result -m ./result/crmpt18-b/mesh_dx50/ -t 3000 -o ./result/crmpt18-b/nc/
../../src/elmer2nc/elmer2nc.sh -r ./result/crmpt18-b/mesh_dx50/crmpt18-b_3000a_dt_1_dx_50_MB_-0.450_OFF_spline_k2.result -m ./result/crmpt18-b/mesh_dx50/ -t 3000 -o ./result/crmpt18-b/nc/
../../src/elmer2nc/elmer2nc.sh -r ./result/crmpt18-b/mesh_dx50/crmpt18-b_3000a_dt_1_dx_50_MB_-0.425_OFF_spline_k2.result -m ./result/crmpt18-b/mesh_dx50/ -t 3000 -o ./result/crmpt18-b/nc/
../../src/elmer2nc/elmer2nc.sh -r ./result/crmpt18-b/mesh_dx50/crmpt18-b_3000a_dt_1_dx_50_MB_-0.400_OFF_spline_k2.result -m ./result/crmpt18-b/mesh_dx50/ -t 3000 -o ./result/crmpt18-b/nc/
../../src/elmer2nc/elmer2nc.sh -r ./result/crmpt18-b/mesh_dx50/crmpt18-b_3000a_dt_1_dx_50_MB_-0.375_OFF_spline_k2.result -m ./result/crmpt18-b/mesh_dx50/ -t 3000 -o ./result/crmpt18-b/nc/
../../src/elmer2nc/elmer2nc.sh -r ./result/crmpt18-b/mesh_dx50/crmpt18-b_3000a_dt_1_dx_50_MB_-0.350_OFF_spline_k2.result -m ./result/crmpt18-b/mesh_dx50/ -t 3000 -o ./result/crmpt18-b/nc/
../../src/elmer2nc/elmer2nc.sh -r ./result/crmpt18-b/mesh_dx50/crmpt18-b_3000a_dt_1_dx_50_MB_-0.325_OFF_spline_k2.result -m ./result/crmpt18-b/mesh_dx50/ -t 3000 -o ./result/crmpt18-b/nc/
../../src/elmer2nc/elmer2nc.sh -r ./result/crmpt18-b/mesh_dx50/crmpt18-b_3000a_dt_1_dx_50_MB_-0.300_OFF_spline_k2.result -m ./result/crmpt18-b/mesh_dx50/ -t 3000 -o ./result/crmpt18-b/nc/
../../src/elmer2nc/elmer2nc.sh -r ./result/crmpt18-b/mesh_dx50/crmpt18-b_3000a_dt_1_dx_50_MB_-0.275_OFF_spline_k2.result -m ./result/crmpt18-b/mesh_dx50/ -t 3000 -o ./result/crmpt18-b/nc/
../../src/elmer2nc/elmer2nc.sh -r ./result/crmpt18-b/mesh_dx50/crmpt18-b_3000a_dt_1_dx_50_MB_-0.250_OFF_spline_k2.result -m ./result/crmpt18-b/mesh_dx50/ -t 3000 -o ./result/crmpt18-b/nc/
../../src/elmer2nc/elmer2nc.sh -r ./result/crmpt18-b/mesh_dx50/crmpt18-b_3000a_dt_1_dx_50_MB_-0.225_OFF_spline_k2.result -m ./result/crmpt18-b/mesh_dx50/ -t 3000 -o ./result/crmpt18-b/nc/
../../src/elmer2nc/elmer2nc.sh -r ./result/crmpt18-b/mesh_dx50/crmpt18-b_3000a_dt_1_dx_50_MB_-0.200_OFF_spline_k2.result -m ./result/crmpt18-b/mesh_dx50/ -t 3000 -o ./result/crmpt18-b/nc/
../../src/elmer2nc/elmer2nc.sh -r ./result/crmpt18-b/mesh_dx50/crmpt18-b_3000a_dt_1_dx_50_MB_-0.175_OFF_spline_k2.result -m ./result/crmpt18-b/mesh_dx50/ -t 3000 -o ./result/crmpt18-b/nc/
../../src/elmer2nc/elmer2nc.sh -r ./result/crmpt18-b/mesh_dx50/crmpt18-b_3000a_dt_1_dx_50_MB_-0.150_OFF_spline_k2.result -m ./result/crmpt18-b/mesh_dx50/ -t 3000 -o ./result/crmpt18-b/nc/
../../src/elmer2nc/elmer2nc.sh -r ./result/crmpt18-b/mesh_dx50/crmpt18-b_3000a_dt_1_dx_50_MB_-0.125_OFF_spline_k2.result -m ./result/crmpt18-b/mesh_dx50/ -t 3000 -o ./result/crmpt18-b/nc/
../../src/elmer2nc/elmer2nc.sh -r ./result/crmpt18-b/mesh_dx50/crmpt18-b_3000a_dt_1_dx_50_MB_-0.100_OFF_spline_k2.result -m ./result/crmpt18-b/mesh_dx50/ -t 3000 -o ./result/crmpt18-b/nc/
../../src/elmer2nc/elmer2nc.sh -r ./result/crmpt18-b/mesh_dx50/crmpt18-b_3000a_dt_1_dx_50_MB_-0.075_OFF_spline_k2.result -m ./result/crmpt18-b/mesh_dx50/ -t 3000 -o ./result/crmpt18-b/nc/
../../src/elmer2nc/elmer2nc.sh -r ./result/crmpt18-b/mesh_dx50/crmpt18-b_3000a_dt_1_dx_50_MB_-0.050_OFF_spline_k2.result -m ./result/crmpt18-b/mesh_dx50/ -t 3000 -o ./result/crmpt18-b/nc/
../../src/elmer2nc/elmer2nc.sh -r ./result/crmpt18-b/mesh_dx50/crmpt18-b_3000a_dt_1_dx_50_MB_-0.025_OFF_spline_k2.result -m ./result/crmpt18-b/mesh_dx50/ -t 3000 -o ./result/crmpt18-b/nc/
../../src/elmer2nc/elmer2nc.sh -r ./result/crmpt18-b/mesh_dx50/crmpt18-b_3000a_dt_1_dx_50_MB_00.000_OFF_spline_k2.result -m ./result/crmpt18-b/mesh_dx50/ -t 3000 -o ./result/crmpt18-b/nc/
../../src/elmer2nc/elmer2nc.sh -r ./result/glc1-a/mesh_dx50/glc1-a_3000a_dt_1_dx_50_MB_-1.500_OFF_spline_k2.result -m ./result/glc1-a/mesh_dx50/ -t 3000 -o ./result/glc1-a/nc/
../../src/elmer2nc/elmer2nc.sh -r ./result/glc1-a/mesh_dx50/glc1-a_3000a_dt_1_dx_50_MB_-1.475_OFF_spline_k2.result -m ./result/glc1-a/mesh_dx50/ -t 3000 -o ./result/glc1-a/nc/
../../src/elmer2nc/elmer2nc.sh -r ./result/glc1-a/mesh_dx50/glc1-a_3000a_dt_1_dx_50_MB_-1.450_OFF_spline_k2.result -m ./result/glc1-a/mesh_dx50/ -t 3000 -o ./result/glc1-a/nc/
../../src/elmer2nc/elmer2nc.sh -r ./result/glc1-a/mesh_dx50/glc1-a_3000a_dt_1_dx_50_MB_-1.425_OFF_spline_k2.result -m ./result/glc1-a/mesh_dx50/ -t 3000 -o ./result/glc1-a/nc/
../../src/elmer2nc/elmer2nc.sh -r ./result/glc1-a/mesh_dx50/glc1-a_3000a_dt_1_dx_50_MB_-1.400_OFF_spline_k2.result -m ./result/glc1-a/mesh_dx50/ -t 3000 -o ./result/glc1-a/nc/
../../src/elmer2nc/elmer2nc.sh -r ./result/glc1-a/mesh_dx50/glc1-a_3000a_dt_1_dx_50_MB_-1.375_OFF_spline_k2.result -m ./result/glc1-a/mesh_dx50/ -t 3000 -o ./result/glc1-a/nc/
../../src/elmer2nc/elmer2nc.sh -r ./result/glc1-a/mesh_dx50/glc1-a_3000a_dt_1_dx_50_MB_-1.350_OFF_spline_k2.result -m ./result/glc1-a/mesh_dx50/ -t 3000 -o ./result/glc1-a/nc/
../../src/elmer2nc/elmer2nc.sh -r ./result/glc1-a/mesh_dx50/glc1-a_3000a_dt_1_dx_50_MB_-1.325_OFF_spline_k2.result -m ./result/glc1-a/mesh_dx50/ -t 3000 -o ./result/glc1-a/nc/
../../src/elmer2nc/elmer2nc.sh -r ./result/glc1-a/mesh_dx50/glc1-a_3000a_dt_1_dx_50_MB_-1.300_OFF_spline_k2.result -m ./result/glc1-a/mesh_dx50/ -t 3000 -o ./result/glc1-a/nc/
../../src/elmer2nc/elmer2nc.sh -r ./result/glc1-a/mesh_dx50/glc1-a_3000a_dt_1_dx_50_MB_-1.275_OFF_spline_k2.result -m ./result/glc1-a/mesh_dx50/ -t 3000 -o ./result/glc1-a/nc/
../../src/elmer2nc/elmer2nc.sh -r ./result/glc1-a/mesh_dx50/glc1-a_3000a_dt_1_dx_50_MB_-1.250_OFF_spline_k2.result -m ./result/glc1-a/mesh_dx50/ -t 3000 -o ./result/glc1-a/nc/
../../src/elmer2nc/elmer2nc.sh -r ./result/glc1-a/mesh_dx50/glc1-a_3000a_dt_1_dx_50_MB_-1.225_OFF_spline_k2.result -m ./result/glc1-a/mesh_dx50/ -t 3000 -o ./result/glc1-a/nc/
../../src/elmer2nc/elmer2nc.sh -r ./result/glc1-a/mesh_dx50/glc1-a_3000a_dt_1_dx_50_MB_-1.200_OFF_spline_k2.result -m ./result/glc1-a/mesh_dx50/ -t 3000 -o ./result/glc1-a/nc/
../../src/elmer2nc/elmer2nc.sh -r ./result/glc1-a/mesh_dx50/glc1-a_3000a_dt_1_dx_50_MB_-1.175_OFF_spline_k2.result -m ./result/glc1-a/mesh_dx50/ -t 3000 -o ./result/glc1-a/nc/
../../src/elmer2nc/elmer2nc.sh -r ./result/glc1-a/mesh_dx50/glc1-a_3000a_dt_1_dx_50_MB_-1.150_OFF_spline_k2.result -m ./result/glc1-a/mesh_dx50/ -t 3000 -o ./result/glc1-a/nc/
../../src/elmer2nc/elmer2nc.sh -r ./result/glc1-a/mesh_dx50/glc1-a_3000a_dt_1_dx_50_MB_-1.125_OFF_spline_k2.result -m ./result/glc1-a/mesh_dx50/ -t 3000 -o ./result/glc1-a/nc/
../../src/elmer2nc/elmer2nc.sh -r ./result/glc1-a/mesh_dx50/glc1-a_3000a_dt_1_dx_50_MB_-1.100_OFF_spline_k2.result -m ./result/glc1-a/mesh_dx50/ -t 3000 -o ./result/glc1-a/nc/
../../src/elmer2nc/elmer2nc.sh -r ./result/glc1-a/mesh_dx50/glc1-a_3000a_dt_1_dx_50_MB_-1.075_OFF_spline_k2.result -m ./result/glc1-a/mesh_dx50/ -t 3000 -o ./result/glc1-a/nc/
../../src/elmer2nc/elmer2nc.sh -r ./result/glc1-a/mesh_dx50/glc1-a_3000a_dt_1_dx_50_MB_-1.050_OFF_spline_k2.result -m ./result/glc1-a/mesh_dx50/ -t 3000 -o ./result/glc1-a/nc/
../../src/elmer2nc/elmer2nc.sh -r ./result/glc1-a/mesh_dx50/glc1-a_3000a_dt_1_dx_50_MB_-1.025_OFF_spline_k2.result -m ./result/glc1-a/mesh_dx50/ -t 3000 -o ./result/glc1-a/nc/
../../src/elmer2nc/elmer2nc.sh -r ./result/glc1-a/mesh_dx50/glc1-a_3000a_dt_1_dx_50_MB_-1.000_OFF_spline_k2.result -m ./result/glc1-a/mesh_dx50/ -t 3000 -o ./result/glc1-a/nc/
../../src/elmer2nc/elmer2nc.sh -r ./result/glc1-b/mesh_dx50/glc1-b_3000a_dt_1_dx_50_MB_-2.000_OFF_spline_k2.result -m ./result/glc1-b/mesh_dx50/ -t 3000 -o ./result/glc1-b/nc/
../../src/elmer2nc/elmer2nc.sh -r ./result/glc1-b/mesh_dx50/glc1-b_3000a_dt_1_dx_50_MB_-1.975_OFF_spline_k2.result -m ./result/glc1-b/mesh_dx50/ -t 3000 -o ./result/glc1-b/nc/
../../src/elmer2nc/elmer2nc.sh -r ./result/glc1-b/mesh_dx50/glc1-b_3000a_dt_1_dx_50_MB_-1.950_OFF_spline_k2.result -m ./result/glc1-b/mesh_dx50/ -t 3000 -o ./result/glc1-b/nc/
../../src/elmer2nc/elmer2nc.sh -r ./result/glc1-b/mesh_dx50/glc1-b_3000a_dt_1_dx_50_MB_-1.925_OFF_spline_k2.result -m ./result/glc1-b/mesh_dx50/ -t 3000 -o ./result/glc1-b/nc/
../../src/elmer2nc/elmer2nc.sh -r ./result/glc1-b/mesh_dx50/glc1-b_3000a_dt_1_dx_50_MB_-1.900_OFF_spline_k2.result -m ./result/glc1-b/mesh_dx50/ -t 3000 -o ./result/glc1-b/nc/
../../src/elmer2nc/elmer2nc.sh -r ./result/glc1-b/mesh_dx50/glc1-b_3000a_dt_1_dx_50_MB_-1.875_OFF_spline_k2.result -m ./result/glc1-b/mesh_dx50/ -t 3000 -o ./result/glc1-b/nc/
../../src/elmer2nc/elmer2nc.sh -r ./result/glc1-b/mesh_dx50/glc1-b_3000a_dt_1_dx_50_MB_-1.850_OFF_spline_k2.result -m ./result/glc1-b/mesh_dx50/ -t 3000 -o ./result/glc1-b/nc/
../../src/elmer2nc/elmer2nc.sh -r ./result/glc1-b/mesh_dx50/glc1-b_3000a_dt_1_dx_50_MB_-1.825_OFF_spline_k2.result -m ./result/glc1-b/mesh_dx50/ -t 3000 -o ./result/glc1-b/nc/
../../src/elmer2nc/elmer2nc.sh -r ./result/glc1-b/mesh_dx50/glc1-b_3000a_dt_1_dx_50_MB_-1.800_OFF_spline_k2.result -m ./result/glc1-b/mesh_dx50/ -t 3000 -o ./result/glc1-b/nc/
../../src/elmer2nc/elmer2nc.sh -r ./result/glc1-b/mesh_dx50/glc1-b_3000a_dt_1_dx_50_MB_-1.775_OFF_spline_k2.result -m ./result/glc1-b/mesh_dx50/ -t 3000 -o ./result/glc1-b/nc/
../../src/elmer2nc/elmer2nc.sh -r ./result/glc1-b/mesh_dx50/glc1-b_3000a_dt_1_dx_50_MB_-1.750_OFF_spline_k2.result -m ./result/glc1-b/mesh_dx50/ -t 3000 -o ./result/glc1-b/nc/
../../src/elmer2nc/elmer2nc.sh -r ./result/glc1-b/mesh_dx50/glc1-b_3000a_dt_1_dx_50_MB_-1.725_OFF_spline_k2.result -m ./result/glc1-b/mesh_dx50/ -t 3000 -o ./result/glc1-b/nc/
../../src/elmer2nc/elmer2nc.sh -r ./result/glc1-b/mesh_dx50/glc1-b_3000a_dt_1_dx_50_MB_-1.700_OFF_spline_k2.result -m ./result/glc1-b/mesh_dx50/ -t 3000 -o ./result/glc1-b/nc/
../../src/elmer2nc/elmer2nc.sh -r ./result/glc1-b/mesh_dx50/glc1-b_3000a_dt_1_dx_50_MB_-1.675_OFF_spline_k2.result -m ./result/glc1-b/mesh_dx50/ -t 3000 -o ./result/glc1-b/nc/
../../src/elmer2nc/elmer2nc.sh -r ./result/glc1-b/mesh_dx50/glc1-b_3000a_dt_1_dx_50_MB_-1.650_OFF_spline_k2.result -m ./result/glc1-b/mesh_dx50/ -t 3000 -o ./result/glc1-b/nc/
../../src/elmer2nc/elmer2nc.sh -r ./result/glc1-b/mesh_dx50/glc1-b_3000a_dt_1_dx_50_MB_-1.625_OFF_spline_k2.result -m ./result/glc1-b/mesh_dx50/ -t 3000 -o ./result/glc1-b/nc/
../../src/elmer2nc/elmer2nc.sh -r ./result/glc1-b/mesh_dx50/glc1-b_3000a_dt_1_dx_50_MB_-1.600_OFF_spline_k2.result -m ./result/glc1-b/mesh_dx50/ -t 3000 -o ./result/glc1-b/nc/
../../src/elmer2nc/elmer2nc.sh -r ./result/glc1-b/mesh_dx50/glc1-b_3000a_dt_1_dx_50_MB_-1.575_OFF_spline_k2.result -m ./result/glc1-b/mesh_dx50/ -t 3000 -o ./result/glc1-b/nc/
../../src/elmer2nc/elmer2nc.sh -r ./result/glc1-b/mesh_dx50/glc1-b_3000a_dt_1_dx_50_MB_-1.550_OFF_spline_k2.result -m ./result/glc1-b/mesh_dx50/ -t 3000 -o ./result/glc1-b/nc/
../../src/elmer2nc/elmer2nc.sh -r ./result/glc1-b/mesh_dx50/glc1-b_3000a_dt_1_dx_50_MB_-1.525_OFF_spline_k2.result -m ./result/glc1-b/mesh_dx50/ -t 3000 -o ./result/glc1-b/nc/
../../src/elmer2nc/elmer2nc.sh -r ./result/glc1-b/mesh_dx50/glc1-b_3000a_dt_1_dx_50_MB_-1.500_OFF_spline_k2.result -m ./result/glc1-b/mesh_dx50/ -t 3000 -o ./result/glc1-b/nc/
