../../src/elmer2nc/elmer2nc.sh -r ./result/twds-b/mesh_dx200/twds-b_1000a_dt_0.5_dx_200_MB_7.0_OFF_spline_k2.result -m ./result/twds-b/mesh_dx200/ -t 2000 -o ./result/twds-b/nc/
../../src/elmer2nc/elmer2nc.sh -r ./result/twds-b/mesh_dx200/twds-b_1000a_dt_0.5_dx_200_MB_7.1_OFF_spline_k2.result -m ./result/twds-b/mesh_dx200/ -t 2000 -o ./result/twds-b/nc/
../../src/elmer2nc/elmer2nc.sh -r ./result/twds-b/mesh_dx200/twds-b_1000a_dt_0.5_dx_200_MB_7.2_OFF_spline_k2.result -m ./result/twds-b/mesh_dx200/ -t 2000 -o ./result/twds-b/nc/
../../src/elmer2nc/elmer2nc.sh -r ./result/twds-b/mesh_dx200/twds-b_1000a_dt_0.5_dx_200_MB_7.3_OFF_spline_k2.result -m ./result/twds-b/mesh_dx200/ -t 2000 -o ./result/twds-b/nc/
../../src/elmer2nc/elmer2nc.sh -r ./result/twds-b/mesh_dx200/twds-b_1000a_dt_0.5_dx_200_MB_7.4_OFF_spline_k2.result -m ./result/twds-b/mesh_dx200/ -t 2000 -o ./result/twds-b/nc/
../../src/elmer2nc/elmer2nc.sh -r ./result/twds-b/mesh_dx200/twds-b_1000a_dt_0.5_dx_200_MB_7.5_OFF_spline_k2.result -m ./result/twds-b/mesh_dx200/ -t 2000 -o ./result/twds-b/nc/
../../src/elmer2nc/elmer2nc.sh -r ./result/twds-b/mesh_dx200/twds-b_1000a_dt_0.5_dx_200_MB_7.6_OFF_spline_k2.result -m ./result/twds-b/mesh_dx200/ -t 2000 -o ./result/twds-b/nc/
../../src/elmer2nc/elmer2nc.sh -r ./result/twds-b/mesh_dx200/twds-b_1000a_dt_0.5_dx_200_MB_7.7_OFF_spline_k2.result -m ./result/twds-b/mesh_dx200/ -t 2000 -o ./result/twds-b/nc/
../../src/elmer2nc/elmer2nc.sh -r ./result/twds-b/mesh_dx200/twds-b_1000a_dt_0.5_dx_200_MB_7.8_OFF_spline_k2.result -m ./result/twds-b/mesh_dx200/ -t 2000 -o ./result/twds-b/nc/
../../src/elmer2nc/elmer2nc.sh -r ./result/twds-b/mesh_dx200/twds-b_1000a_dt_0.5_dx_200_MB_7.9_OFF_spline_k2.result -m ./result/twds-b/mesh_dx200/ -t 2000 -o ./result/twds-b/nc/
../../src/elmer2nc/elmer2nc.sh -r ./result/twds-b/mesh_dx200/twds-b_1000a_dt_0.5_dx_200_MB_8.0_OFF_spline_k2.result -m ./result/twds-b/mesh_dx200/ -t 2000 -o ./result/twds-b/nc/
../../src/elmer2nc/elmer2nc.sh -r ./result/twds-b/mesh_dx200/twds-b_1000a_dt_0.5_dx_200_MB_8.1_OFF_spline_k2.result -m ./result/twds-b/mesh_dx200/ -t 2000 -o ./result/twds-b/nc/
../../src/elmer2nc/elmer2nc.sh -r ./result/twds-b/mesh_dx200/twds-b_1000a_dt_0.5_dx_200_MB_8.2_OFF_spline_k2.result -m ./result/twds-b/mesh_dx200/ -t 2000 -o ./result/twds-b/nc/
../../src/elmer2nc/elmer2nc.sh -r ./result/twds-b/mesh_dx200/twds-b_1000a_dt_0.5_dx_200_MB_8.3_OFF_spline_k2.result -m ./result/twds-b/mesh_dx200/ -t 2000 -o ./result/twds-b/nc/
../../src/elmer2nc/elmer2nc.sh -r ./result/twds-b/mesh_dx200/twds-b_1000a_dt_0.5_dx_200_MB_8.4_OFF_spline_k2.result -m ./result/twds-b/mesh_dx200/ -t 2000 -o ./result/twds-b/nc/
../../src/elmer2nc/elmer2nc.sh -r ./result/twds-b/mesh_dx200/twds-b_1000a_dt_0.5_dx_200_MB_8.5_OFF_spline_k2.result -m ./result/twds-b/mesh_dx200/ -t 2000 -o ./result/twds-b/nc/
../../src/elmer2nc/elmer2nc.sh -r ./result/twds-b/mesh_dx200/twds-b_1000a_dt_0.5_dx_200_MB_8.6_OFF_spline_k2.result -m ./result/twds-b/mesh_dx200/ -t 2000 -o ./result/twds-b/nc/
../../src/elmer2nc/elmer2nc.sh -r ./result/twds-b/mesh_dx200/twds-b_1000a_dt_0.5_dx_200_MB_8.7_OFF_spline_k2.result -m ./result/twds-b/mesh_dx200/ -t 2000 -o ./result/twds-b/nc/
../../src/elmer2nc/elmer2nc.sh -r ./result/twds-b/mesh_dx200/twds-b_1000a_dt_0.5_dx_200_MB_8.8_OFF_spline_k2.result -m ./result/twds-b/mesh_dx200/ -t 2000 -o ./result/twds-b/nc/
../../src/elmer2nc/elmer2nc.sh -r ./result/twds-b/mesh_dx200/twds-b_1000a_dt_0.5_dx_200_MB_8.9_OFF_spline_k2.result -m ./result/twds-b/mesh_dx200/ -t 2000 -o ./result/twds-b/nc/
../../src/elmer2nc/elmer2nc.sh -r ./result/twds-b/mesh_dx200/twds-b_1000a_dt_0.5_dx_200_MB_9.0_OFF_spline_k2.result -m ./result/twds-b/mesh_dx200/ -t 2000 -o ./result/twds-b/nc/
../../src/elmer2nc/elmer2nc.sh -r ./result/fish/mesh_dx200/fish_1000a_dt_0.5_dx_200_MB_5.5_OFF_spline_k2.result -m ./result/fish/mesh_dx200/ -t 2000 -o ./result/fish/nc/
../../src/elmer2nc/elmer2nc.sh -r ./result/fish/mesh_dx200/fish_1000a_dt_0.5_dx_200_MB_5.6_OFF_spline_k2.result -m ./result/fish/mesh_dx200/ -t 2000 -o ./result/fish/nc/
../../src/elmer2nc/elmer2nc.sh -r ./result/fish/mesh_dx200/fish_1000a_dt_0.5_dx_200_MB_5.7_OFF_spline_k2.result -m ./result/fish/mesh_dx200/ -t 2000 -o ./result/fish/nc/
../../src/elmer2nc/elmer2nc.sh -r ./result/fish/mesh_dx200/fish_1000a_dt_0.5_dx_200_MB_5.8_OFF_spline_k2.result -m ./result/fish/mesh_dx200/ -t 2000 -o ./result/fish/nc/
../../src/elmer2nc/elmer2nc.sh -r ./result/fish/mesh_dx200/fish_1000a_dt_0.5_dx_200_MB_5.9_OFF_spline_k2.result -m ./result/fish/mesh_dx200/ -t 2000 -o ./result/fish/nc/
../../src/elmer2nc/elmer2nc.sh -r ./result/fish/mesh_dx200/fish_1000a_dt_0.5_dx_200_MB_6.0_OFF_spline_k2.result -m ./result/fish/mesh_dx200/ -t 2000 -o ./result/fish/nc/
../../src/elmer2nc/elmer2nc.sh -r ./result/fish/mesh_dx200/fish_1000a_dt_0.5_dx_200_MB_6.1_OFF_spline_k2.result -m ./result/fish/mesh_dx200/ -t 2000 -o ./result/fish/nc/
../../src/elmer2nc/elmer2nc.sh -r ./result/fish/mesh_dx200/fish_1000a_dt_0.5_dx_200_MB_6.2_OFF_spline_k2.result -m ./result/fish/mesh_dx200/ -t 2000 -o ./result/fish/nc/
../../src/elmer2nc/elmer2nc.sh -r ./result/fish/mesh_dx200/fish_1000a_dt_0.5_dx_200_MB_6.3_OFF_spline_k2.result -m ./result/fish/mesh_dx200/ -t 2000 -o ./result/fish/nc/
../../src/elmer2nc/elmer2nc.sh -r ./result/fish/mesh_dx200/fish_1000a_dt_0.5_dx_200_MB_6.4_OFF_spline_k2.result -m ./result/fish/mesh_dx200/ -t 2000 -o ./result/fish/nc/
../../src/elmer2nc/elmer2nc.sh -r ./result/fish/mesh_dx200/fish_1000a_dt_0.5_dx_200_MB_6.5_OFF_spline_k2.result -m ./result/fish/mesh_dx200/ -t 2000 -o ./result/fish/nc/
../../src/elmer2nc/elmer2nc.sh -r ./result/klut-a/mesh_dx200/klut-a_1000a_dt_0.5_dx_200_MB_-1.0_OFF_spline_k2.result -m ./result/klut-a/mesh_dx200/ -t 2000 -o ./result/klut-a/nc/
../../src/elmer2nc/elmer2nc.sh -r ./result/klut-a/mesh_dx200/klut-a_1000a_dt_0.5_dx_200_MB_-0.9_OFF_spline_k2.result -m ./result/klut-a/mesh_dx200/ -t 2000 -o ./result/klut-a/nc/
../../src/elmer2nc/elmer2nc.sh -r ./result/klut-a/mesh_dx200/klut-a_1000a_dt_0.5_dx_200_MB_-0.8_OFF_spline_k2.result -m ./result/klut-a/mesh_dx200/ -t 2000 -o ./result/klut-a/nc/
../../src/elmer2nc/elmer2nc.sh -r ./result/klut-a/mesh_dx200/klut-a_1000a_dt_0.5_dx_200_MB_-0.7_OFF_spline_k2.result -m ./result/klut-a/mesh_dx200/ -t 2000 -o ./result/klut-a/nc/
../../src/elmer2nc/elmer2nc.sh -r ./result/klut-a/mesh_dx200/klut-a_1000a_dt_0.5_dx_200_MB_-0.6_OFF_spline_k2.result -m ./result/klut-a/mesh_dx200/ -t 2000 -o ./result/klut-a/nc/
../../src/elmer2nc/elmer2nc.sh -r ./result/klut-a/mesh_dx200/klut-a_1000a_dt_0.5_dx_200_MB_-0.5_OFF_spline_k2.result -m ./result/klut-a/mesh_dx200/ -t 2000 -o ./result/klut-a/nc/
../../src/elmer2nc/elmer2nc.sh -r ./result/klut-a/mesh_dx200/klut-a_1000a_dt_0.5_dx_200_MB_-0.4_OFF_spline_k2.result -m ./result/klut-a/mesh_dx200/ -t 2000 -o ./result/klut-a/nc/
../../src/elmer2nc/elmer2nc.sh -r ./result/klut-a/mesh_dx200/klut-a_1000a_dt_0.5_dx_200_MB_-0.3_OFF_spline_k2.result -m ./result/klut-a/mesh_dx200/ -t 2000 -o ./result/klut-a/nc/
../../src/elmer2nc/elmer2nc.sh -r ./result/klut-a/mesh_dx200/klut-a_1000a_dt_0.5_dx_200_MB_-0.2_OFF_spline_k2.result -m ./result/klut-a/mesh_dx200/ -t 2000 -o ./result/klut-a/nc/
../../src/elmer2nc/elmer2nc.sh -r ./result/klut-a/mesh_dx200/klut-a_1000a_dt_0.5_dx_200_MB_-0.1_OFF_spline_k2.result -m ./result/klut-a/mesh_dx200/ -t 2000 -o ./result/klut-a/nc/
../../src/elmer2nc/elmer2nc.sh -r ./result/klut-a/mesh_dx200/klut-a_1000a_dt_0.5_dx_200_MB_00.0_OFF_spline_k2.result -m ./result/klut-a/mesh_dx200/ -t 2000 -o ./result/klut-a/nc/
../../src/elmer2nc/elmer2nc.sh -r ./result/klut-a/mesh_dx200/klut-a_1000a_dt_0.5_dx_200_MB_00.1_OFF_spline_k2.result -m ./result/klut-a/mesh_dx200/ -t 2000 -o ./result/klut-a/nc/
../../src/elmer2nc/elmer2nc.sh -r ./result/klut-a/mesh_dx200/klut-a_1000a_dt_0.5_dx_200_MB_00.2_OFF_spline_k2.result -m ./result/klut-a/mesh_dx200/ -t 2000 -o ./result/klut-a/nc/
../../src/elmer2nc/elmer2nc.sh -r ./result/klut-a/mesh_dx200/klut-a_1000a_dt_0.5_dx_200_MB_00.3_OFF_spline_k2.result -m ./result/klut-a/mesh_dx200/ -t 2000 -o ./result/klut-a/nc/
../../src/elmer2nc/elmer2nc.sh -r ./result/klut-a/mesh_dx200/klut-a_1000a_dt_0.5_dx_200_MB_00.4_OFF_spline_k2.result -m ./result/klut-a/mesh_dx200/ -t 2000 -o ./result/klut-a/nc/
../../src/elmer2nc/elmer2nc.sh -r ./result/klut-a/mesh_dx200/klut-a_1000a_dt_0.5_dx_200_MB_00.5_OFF_spline_k2.result -m ./result/klut-a/mesh_dx200/ -t 2000 -o ./result/klut-a/nc/
../../src/elmer2nc/elmer2nc.sh -r ./result/klut-a/mesh_dx200/klut-a_1000a_dt_0.5_dx_200_MB_00.6_OFF_spline_k2.result -m ./result/klut-a/mesh_dx200/ -t 2000 -o ./result/klut-a/nc/
../../src/elmer2nc/elmer2nc.sh -r ./result/klut-a/mesh_dx200/klut-a_1000a_dt_0.5_dx_200_MB_00.7_OFF_spline_k2.result -m ./result/klut-a/mesh_dx200/ -t 2000 -o ./result/klut-a/nc/
../../src/elmer2nc/elmer2nc.sh -r ./result/klut-a/mesh_dx200/klut-a_1000a_dt_0.5_dx_200_MB_00.8_OFF_spline_k2.result -m ./result/klut-a/mesh_dx200/ -t 2000 -o ./result/klut-a/nc/
../../src/elmer2nc/elmer2nc.sh -r ./result/klut-a/mesh_dx200/klut-a_1000a_dt_0.5_dx_200_MB_00.9_OFF_spline_k2.result -m ./result/klut-a/mesh_dx200/ -t 2000 -o ./result/klut-a/nc/
../../src/elmer2nc/elmer2nc.sh -r ./result/klut-a/mesh_dx200/klut-a_1000a_dt_0.5_dx_200_MB_01.0_OFF_spline_k2.result -m ./result/klut-a/mesh_dx200/ -t 2000 -o ./result/klut-a/nc/
../../src/elmer2nc/elmer2nc.sh -r ./result/klut-b/mesh_dx200/klut-b_1000a_dt_0.5_dx_200_MB_-1.0_OFF_spline_k2.result -m ./result/klut-b/mesh_dx200/ -t 2000 -o ./result/klut-b/nc/
../../src/elmer2nc/elmer2nc.sh -r ./result/klut-b/mesh_dx200/klut-b_1000a_dt_0.5_dx_200_MB_-0.9_OFF_spline_k2.result -m ./result/klut-b/mesh_dx200/ -t 2000 -o ./result/klut-b/nc/
../../src/elmer2nc/elmer2nc.sh -r ./result/klut-b/mesh_dx200/klut-b_1000a_dt_0.5_dx_200_MB_-0.8_OFF_spline_k2.result -m ./result/klut-b/mesh_dx200/ -t 2000 -o ./result/klut-b/nc/
../../src/elmer2nc/elmer2nc.sh -r ./result/klut-b/mesh_dx200/klut-b_1000a_dt_0.5_dx_200_MB_-0.7_OFF_spline_k2.result -m ./result/klut-b/mesh_dx200/ -t 2000 -o ./result/klut-b/nc/
../../src/elmer2nc/elmer2nc.sh -r ./result/klut-b/mesh_dx200/klut-b_1000a_dt_0.5_dx_200_MB_-0.6_OFF_spline_k2.result -m ./result/klut-b/mesh_dx200/ -t 2000 -o ./result/klut-b/nc/
../../src/elmer2nc/elmer2nc.sh -r ./result/klut-b/mesh_dx200/klut-b_1000a_dt_0.5_dx_200_MB_-0.5_OFF_spline_k2.result -m ./result/klut-b/mesh_dx200/ -t 2000 -o ./result/klut-b/nc/
../../src/elmer2nc/elmer2nc.sh -r ./result/klut-b/mesh_dx200/klut-b_1000a_dt_0.5_dx_200_MB_-0.4_OFF_spline_k2.result -m ./result/klut-b/mesh_dx200/ -t 2000 -o ./result/klut-b/nc/
../../src/elmer2nc/elmer2nc.sh -r ./result/klut-b/mesh_dx200/klut-b_1000a_dt_0.5_dx_200_MB_-0.3_OFF_spline_k2.result -m ./result/klut-b/mesh_dx200/ -t 2000 -o ./result/klut-b/nc/
../../src/elmer2nc/elmer2nc.sh -r ./result/klut-b/mesh_dx200/klut-b_1000a_dt_0.5_dx_200_MB_-0.2_OFF_spline_k2.result -m ./result/klut-b/mesh_dx200/ -t 2000 -o ./result/klut-b/nc/
../../src/elmer2nc/elmer2nc.sh -r ./result/klut-b/mesh_dx200/klut-b_1000a_dt_0.5_dx_200_MB_-0.1_OFF_spline_k2.result -m ./result/klut-b/mesh_dx200/ -t 2000 -o ./result/klut-b/nc/
../../src/elmer2nc/elmer2nc.sh -r ./result/klut-b/mesh_dx200/klut-b_1000a_dt_0.5_dx_200_MB_00.0_OFF_spline_k2.result -m ./result/klut-b/mesh_dx200/ -t 2000 -o ./result/klut-b/nc/
../../src/elmer2nc/elmer2nc.sh -r ./result/klut-b/mesh_dx200/klut-b_1000a_dt_0.5_dx_200_MB_00.1_OFF_spline_k2.result -m ./result/klut-b/mesh_dx200/ -t 2000 -o ./result/klut-b/nc/
../../src/elmer2nc/elmer2nc.sh -r ./result/klut-b/mesh_dx200/klut-b_1000a_dt_0.5_dx_200_MB_00.2_OFF_spline_k2.result -m ./result/klut-b/mesh_dx200/ -t 2000 -o ./result/klut-b/nc/
../../src/elmer2nc/elmer2nc.sh -r ./result/klut-b/mesh_dx200/klut-b_1000a_dt_0.5_dx_200_MB_00.3_OFF_spline_k2.result -m ./result/klut-b/mesh_dx200/ -t 2000 -o ./result/klut-b/nc/
../../src/elmer2nc/elmer2nc.sh -r ./result/klut-b/mesh_dx200/klut-b_1000a_dt_0.5_dx_200_MB_00.4_OFF_spline_k2.result -m ./result/klut-b/mesh_dx200/ -t 2000 -o ./result/klut-b/nc/
../../src/elmer2nc/elmer2nc.sh -r ./result/klut-b/mesh_dx200/klut-b_1000a_dt_0.5_dx_200_MB_00.5_OFF_spline_k2.result -m ./result/klut-b/mesh_dx200/ -t 2000 -o ./result/klut-b/nc/
../../src/elmer2nc/elmer2nc.sh -r ./result/klut-b/mesh_dx200/klut-b_1000a_dt_0.5_dx_200_MB_00.6_OFF_spline_k2.result -m ./result/klut-b/mesh_dx200/ -t 2000 -o ./result/klut-b/nc/
../../src/elmer2nc/elmer2nc.sh -r ./result/klut-b/mesh_dx200/klut-b_1000a_dt_0.5_dx_200_MB_00.7_OFF_spline_k2.result -m ./result/klut-b/mesh_dx200/ -t 2000 -o ./result/klut-b/nc/
../../src/elmer2nc/elmer2nc.sh -r ./result/klut-b/mesh_dx200/klut-b_1000a_dt_0.5_dx_200_MB_00.8_OFF_spline_k2.result -m ./result/klut-b/mesh_dx200/ -t 2000 -o ./result/klut-b/nc/
../../src/elmer2nc/elmer2nc.sh -r ./result/klut-b/mesh_dx200/klut-b_1000a_dt_0.5_dx_200_MB_00.9_OFF_spline_k2.result -m ./result/klut-b/mesh_dx200/ -t 2000 -o ./result/klut-b/nc/
../../src/elmer2nc/elmer2nc.sh -r ./result/klut-b/mesh_dx200/klut-b_1000a_dt_0.5_dx_200_MB_01.0_OFF_spline_k2.result -m ./result/klut-b/mesh_dx200/ -t 2000 -o ./result/klut-b/nc/
