../../src/elmer2nc/elmer2nc.sh -r ./result/lilk-a/mesh_dx100/lilk-a_1000a_dt_0.5_dx_100_MB_-0.70_OFF_spline_k2.result -m ./result/lilk-a/mesh_dx100/ -t 2000 -o ./result/lilk-a/nc/
../../src/elmer2nc/elmer2nc.sh -r ./result/lilk-a/mesh_dx100/lilk-a_1000a_dt_0.5_dx_100_MB_-0.69_OFF_spline_k2.result -m ./result/lilk-a/mesh_dx100/ -t 2000 -o ./result/lilk-a/nc/
../../src/elmer2nc/elmer2nc.sh -r ./result/lilk-a/mesh_dx100/lilk-a_1000a_dt_0.5_dx_100_MB_-0.68_OFF_spline_k2.result -m ./result/lilk-a/mesh_dx100/ -t 2000 -o ./result/lilk-a/nc/
../../src/elmer2nc/elmer2nc.sh -r ./result/lilk-a/mesh_dx100/lilk-a_1000a_dt_0.5_dx_100_MB_-0.67_OFF_spline_k2.result -m ./result/lilk-a/mesh_dx100/ -t 2000 -o ./result/lilk-a/nc/
../../src/elmer2nc/elmer2nc.sh -r ./result/lilk-a/mesh_dx100/lilk-a_1000a_dt_0.5_dx_100_MB_-0.66_OFF_spline_k2.result -m ./result/lilk-a/mesh_dx100/ -t 2000 -o ./result/lilk-a/nc/
../../src/elmer2nc/elmer2nc.sh -r ./result/lilk-a/mesh_dx100/lilk-a_1000a_dt_0.5_dx_100_MB_-0.65_OFF_spline_k2.result -m ./result/lilk-a/mesh_dx100/ -t 2000 -o ./result/lilk-a/nc/
../../src/elmer2nc/elmer2nc.sh -r ./result/lilk-a/mesh_dx100/lilk-a_1000a_dt_0.5_dx_100_MB_-0.64_OFF_spline_k2.result -m ./result/lilk-a/mesh_dx100/ -t 2000 -o ./result/lilk-a/nc/
../../src/elmer2nc/elmer2nc.sh -r ./result/lilk-a/mesh_dx100/lilk-a_1000a_dt_0.5_dx_100_MB_-0.63_OFF_spline_k2.result -m ./result/lilk-a/mesh_dx100/ -t 2000 -o ./result/lilk-a/nc/
../../src/elmer2nc/elmer2nc.sh -r ./result/lilk-a/mesh_dx100/lilk-a_1000a_dt_0.5_dx_100_MB_-0.62_OFF_spline_k2.result -m ./result/lilk-a/mesh_dx100/ -t 2000 -o ./result/lilk-a/nc/
../../src/elmer2nc/elmer2nc.sh -r ./result/lilk-a/mesh_dx100/lilk-a_1000a_dt_0.5_dx_100_MB_-0.61_OFF_spline_k2.result -m ./result/lilk-a/mesh_dx100/ -t 2000 -o ./result/lilk-a/nc/
../../src/elmer2nc/elmer2nc.sh -r ./result/lilk-a/mesh_dx100/lilk-a_1000a_dt_0.5_dx_100_MB_-0.60_OFF_spline_k2.result -m ./result/lilk-a/mesh_dx100/ -t 2000 -o ./result/lilk-a/nc/
../../src/elmer2nc/elmer2nc.sh -r ./result/lilk-a/mesh_dx100/lilk-a_1000a_dt_0.5_dx_100_MB_-0.59_OFF_spline_k2.result -m ./result/lilk-a/mesh_dx100/ -t 2000 -o ./result/lilk-a/nc/
../../src/elmer2nc/elmer2nc.sh -r ./result/lilk-a/mesh_dx100/lilk-a_1000a_dt_0.5_dx_100_MB_-0.58_OFF_spline_k2.result -m ./result/lilk-a/mesh_dx100/ -t 2000 -o ./result/lilk-a/nc/
../../src/elmer2nc/elmer2nc.sh -r ./result/lilk-a/mesh_dx100/lilk-a_1000a_dt_0.5_dx_100_MB_-0.57_OFF_spline_k2.result -m ./result/lilk-a/mesh_dx100/ -t 2000 -o ./result/lilk-a/nc/
../../src/elmer2nc/elmer2nc.sh -r ./result/lilk-a/mesh_dx100/lilk-a_1000a_dt_0.5_dx_100_MB_-0.56_OFF_spline_k2.result -m ./result/lilk-a/mesh_dx100/ -t 2000 -o ./result/lilk-a/nc/
../../src/elmer2nc/elmer2nc.sh -r ./result/lilk-a/mesh_dx100/lilk-a_1000a_dt_0.5_dx_100_MB_-0.55_OFF_spline_k2.result -m ./result/lilk-a/mesh_dx100/ -t 2000 -o ./result/lilk-a/nc/
../../src/elmer2nc/elmer2nc.sh -r ./result/lilk-a/mesh_dx100/lilk-a_1000a_dt_0.5_dx_100_MB_-0.54_OFF_spline_k2.result -m ./result/lilk-a/mesh_dx100/ -t 2000 -o ./result/lilk-a/nc/
../../src/elmer2nc/elmer2nc.sh -r ./result/lilk-a/mesh_dx100/lilk-a_1000a_dt_0.5_dx_100_MB_-0.53_OFF_spline_k2.result -m ./result/lilk-a/mesh_dx100/ -t 2000 -o ./result/lilk-a/nc/
../../src/elmer2nc/elmer2nc.sh -r ./result/lilk-a/mesh_dx100/lilk-a_1000a_dt_0.5_dx_100_MB_-0.52_OFF_spline_k2.result -m ./result/lilk-a/mesh_dx100/ -t 2000 -o ./result/lilk-a/nc/
../../src/elmer2nc/elmer2nc.sh -r ./result/lilk-a/mesh_dx100/lilk-a_1000a_dt_0.5_dx_100_MB_-0.51_OFF_spline_k2.result -m ./result/lilk-a/mesh_dx100/ -t 2000 -o ./result/lilk-a/nc/
../../src/elmer2nc/elmer2nc.sh -r ./result/lilk-a/mesh_dx100/lilk-a_1000a_dt_0.5_dx_100_MB_-0.50_OFF_spline_k2.result -m ./result/lilk-a/mesh_dx100/ -t 2000 -o ./result/lilk-a/nc/
../../src/elmer2nc/elmer2nc.sh -r ./result/lilk-b/mesh_dx100/lilk-b_1000a_dt_0.5_dx_100_MB_-0.30_OFF_spline_k2.result -m ./result/lilk-b/mesh_dx100/ -t 2000 -o ./result/lilk-b/nc/
../../src/elmer2nc/elmer2nc.sh -r ./result/lilk-b/mesh_dx100/lilk-b_1000a_dt_0.5_dx_100_MB_-0.29_OFF_spline_k2.result -m ./result/lilk-b/mesh_dx100/ -t 2000 -o ./result/lilk-b/nc/
../../src/elmer2nc/elmer2nc.sh -r ./result/lilk-b/mesh_dx100/lilk-b_1000a_dt_0.5_dx_100_MB_-0.28_OFF_spline_k2.result -m ./result/lilk-b/mesh_dx100/ -t 2000 -o ./result/lilk-b/nc/
../../src/elmer2nc/elmer2nc.sh -r ./result/lilk-b/mesh_dx100/lilk-b_1000a_dt_0.5_dx_100_MB_-0.27_OFF_spline_k2.result -m ./result/lilk-b/mesh_dx100/ -t 2000 -o ./result/lilk-b/nc/
../../src/elmer2nc/elmer2nc.sh -r ./result/lilk-b/mesh_dx100/lilk-b_1000a_dt_0.5_dx_100_MB_-0.26_OFF_spline_k2.result -m ./result/lilk-b/mesh_dx100/ -t 2000 -o ./result/lilk-b/nc/
../../src/elmer2nc/elmer2nc.sh -r ./result/lilk-b/mesh_dx100/lilk-b_1000a_dt_0.5_dx_100_MB_-0.25_OFF_spline_k2.result -m ./result/lilk-b/mesh_dx100/ -t 2000 -o ./result/lilk-b/nc/
../../src/elmer2nc/elmer2nc.sh -r ./result/lilk-b/mesh_dx100/lilk-b_1000a_dt_0.5_dx_100_MB_-0.24_OFF_spline_k2.result -m ./result/lilk-b/mesh_dx100/ -t 2000 -o ./result/lilk-b/nc/
../../src/elmer2nc/elmer2nc.sh -r ./result/lilk-b/mesh_dx100/lilk-b_1000a_dt_0.5_dx_100_MB_-0.23_OFF_spline_k2.result -m ./result/lilk-b/mesh_dx100/ -t 2000 -o ./result/lilk-b/nc/
../../src/elmer2nc/elmer2nc.sh -r ./result/lilk-b/mesh_dx100/lilk-b_1000a_dt_0.5_dx_100_MB_-0.22_OFF_spline_k2.result -m ./result/lilk-b/mesh_dx100/ -t 2000 -o ./result/lilk-b/nc/
../../src/elmer2nc/elmer2nc.sh -r ./result/lilk-b/mesh_dx100/lilk-b_1000a_dt_0.5_dx_100_MB_-0.21_OFF_spline_k2.result -m ./result/lilk-b/mesh_dx100/ -t 2000 -o ./result/lilk-b/nc/
../../src/elmer2nc/elmer2nc.sh -r ./result/lilk-b/mesh_dx100/lilk-b_1000a_dt_0.5_dx_100_MB_-0.20_OFF_spline_k2.result -m ./result/lilk-b/mesh_dx100/ -t 2000 -o ./result/lilk-b/nc/
../../src/elmer2nc/elmer2nc.sh -r ./result/lilk-b/mesh_dx100/lilk-b_1000a_dt_0.5_dx_100_MB_-0.19_OFF_spline_k2.result -m ./result/lilk-b/mesh_dx100/ -t 2000 -o ./result/lilk-b/nc/
../../src/elmer2nc/elmer2nc.sh -r ./result/lilk-b/mesh_dx100/lilk-b_1000a_dt_0.5_dx_100_MB_-0.18_OFF_spline_k2.result -m ./result/lilk-b/mesh_dx100/ -t 2000 -o ./result/lilk-b/nc/
../../src/elmer2nc/elmer2nc.sh -r ./result/lilk-b/mesh_dx100/lilk-b_1000a_dt_0.5_dx_100_MB_-0.17_OFF_spline_k2.result -m ./result/lilk-b/mesh_dx100/ -t 2000 -o ./result/lilk-b/nc/
../../src/elmer2nc/elmer2nc.sh -r ./result/lilk-b/mesh_dx100/lilk-b_1000a_dt_0.5_dx_100_MB_-0.16_OFF_spline_k2.result -m ./result/lilk-b/mesh_dx100/ -t 2000 -o ./result/lilk-b/nc/
../../src/elmer2nc/elmer2nc.sh -r ./result/lilk-b/mesh_dx100/lilk-b_1000a_dt_0.5_dx_100_MB_-0.15_OFF_spline_k2.result -m ./result/lilk-b/mesh_dx100/ -t 2000 -o ./result/lilk-b/nc/
../../src/elmer2nc/elmer2nc.sh -r ./result/lilk-b/mesh_dx100/lilk-b_1000a_dt_0.5_dx_100_MB_-0.14_OFF_spline_k2.result -m ./result/lilk-b/mesh_dx100/ -t 2000 -o ./result/lilk-b/nc/
../../src/elmer2nc/elmer2nc.sh -r ./result/lilk-b/mesh_dx100/lilk-b_1000a_dt_0.5_dx_100_MB_-0.13_OFF_spline_k2.result -m ./result/lilk-b/mesh_dx100/ -t 2000 -o ./result/lilk-b/nc/
../../src/elmer2nc/elmer2nc.sh -r ./result/lilk-b/mesh_dx100/lilk-b_1000a_dt_0.5_dx_100_MB_-0.12_OFF_spline_k2.result -m ./result/lilk-b/mesh_dx100/ -t 2000 -o ./result/lilk-b/nc/
../../src/elmer2nc/elmer2nc.sh -r ./result/lilk-b/mesh_dx100/lilk-b_1000a_dt_0.5_dx_100_MB_-0.11_OFF_spline_k2.result -m ./result/lilk-b/mesh_dx100/ -t 2000 -o ./result/lilk-b/nc/
../../src/elmer2nc/elmer2nc.sh -r ./result/lilk-b/mesh_dx100/lilk-b_1000a_dt_0.5_dx_100_MB_-0.10_OFF_spline_k2.result -m ./result/lilk-b/mesh_dx100/ -t 2000 -o ./result/lilk-b/nc/
../../src/elmer2nc/elmer2nc.sh -r ./result/klun-a/mesh_dx100/klun-a_2000a_dt_0.5_dx_100_MB_-0.20_OFF_spline_k2.result -m ./result/klun-a/mesh_dx100/ -t 4000 -o ./result/klun-a/nc/
../../src/elmer2nc/elmer2nc.sh -r ./result/klun-a/mesh_dx100/klun-a_2000a_dt_0.5_dx_100_MB_-0.19_OFF_spline_k2.result -m ./result/klun-a/mesh_dx100/ -t 4000 -o ./result/klun-a/nc/
../../src/elmer2nc/elmer2nc.sh -r ./result/klun-a/mesh_dx100/klun-a_2000a_dt_0.5_dx_100_MB_-0.18_OFF_spline_k2.result -m ./result/klun-a/mesh_dx100/ -t 4000 -o ./result/klun-a/nc/
../../src/elmer2nc/elmer2nc.sh -r ./result/klun-a/mesh_dx100/klun-a_2000a_dt_0.5_dx_100_MB_-0.17_OFF_spline_k2.result -m ./result/klun-a/mesh_dx100/ -t 4000 -o ./result/klun-a/nc/
../../src/elmer2nc/elmer2nc.sh -r ./result/klun-a/mesh_dx100/klun-a_2000a_dt_0.5_dx_100_MB_-0.16_OFF_spline_k2.result -m ./result/klun-a/mesh_dx100/ -t 4000 -o ./result/klun-a/nc/
../../src/elmer2nc/elmer2nc.sh -r ./result/klun-a/mesh_dx100/klun-a_2000a_dt_0.5_dx_100_MB_-0.15_OFF_spline_k2.result -m ./result/klun-a/mesh_dx100/ -t 4000 -o ./result/klun-a/nc/
../../src/elmer2nc/elmer2nc.sh -r ./result/klun-a/mesh_dx100/klun-a_2000a_dt_0.5_dx_100_MB_-0.14_OFF_spline_k2.result -m ./result/klun-a/mesh_dx100/ -t 4000 -o ./result/klun-a/nc/
../../src/elmer2nc/elmer2nc.sh -r ./result/klun-a/mesh_dx100/klun-a_2000a_dt_0.5_dx_100_MB_-0.13_OFF_spline_k2.result -m ./result/klun-a/mesh_dx100/ -t 4000 -o ./result/klun-a/nc/
../../src/elmer2nc/elmer2nc.sh -r ./result/klun-a/mesh_dx100/klun-a_2000a_dt_0.5_dx_100_MB_-0.12_OFF_spline_k2.result -m ./result/klun-a/mesh_dx100/ -t 4000 -o ./result/klun-a/nc/
../../src/elmer2nc/elmer2nc.sh -r ./result/klun-a/mesh_dx100/klun-a_2000a_dt_0.5_dx_100_MB_-0.11_OFF_spline_k2.result -m ./result/klun-a/mesh_dx100/ -t 4000 -o ./result/klun-a/nc/
../../src/elmer2nc/elmer2nc.sh -r ./result/klun-a/mesh_dx100/klun-a_2000a_dt_0.5_dx_100_MB_-0.10_OFF_spline_k2.result -m ./result/klun-a/mesh_dx100/ -t 4000 -o ./result/klun-a/nc/
../../src/elmer2nc/elmer2nc.sh -r ./result/klun-b/mesh_dx100/klun-b_2000a_dt_0.5_dx_100_MB_-0.20_OFF_spline_k2.result -m ./result/klun-b/mesh_dx100/ -t 4000 -o ./result/klun-b/nc/
../../src/elmer2nc/elmer2nc.sh -r ./result/klun-b/mesh_dx100/klun-b_2000a_dt_0.5_dx_100_MB_-0.19_OFF_spline_k2.result -m ./result/klun-b/mesh_dx100/ -t 4000 -o ./result/klun-b/nc/
../../src/elmer2nc/elmer2nc.sh -r ./result/klun-b/mesh_dx100/klun-b_2000a_dt_0.5_dx_100_MB_-0.18_OFF_spline_k2.result -m ./result/klun-b/mesh_dx100/ -t 4000 -o ./result/klun-b/nc/
../../src/elmer2nc/elmer2nc.sh -r ./result/klun-b/mesh_dx100/klun-b_2000a_dt_0.5_dx_100_MB_-0.17_OFF_spline_k2.result -m ./result/klun-b/mesh_dx100/ -t 4000 -o ./result/klun-b/nc/
../../src/elmer2nc/elmer2nc.sh -r ./result/klun-b/mesh_dx100/klun-b_2000a_dt_0.5_dx_100_MB_-0.16_OFF_spline_k2.result -m ./result/klun-b/mesh_dx100/ -t 4000 -o ./result/klun-b/nc/
../../src/elmer2nc/elmer2nc.sh -r ./result/klun-b/mesh_dx100/klun-b_2000a_dt_0.5_dx_100_MB_-0.15_OFF_spline_k2.result -m ./result/klun-b/mesh_dx100/ -t 4000 -o ./result/klun-b/nc/
../../src/elmer2nc/elmer2nc.sh -r ./result/klun-b/mesh_dx100/klun-b_2000a_dt_0.5_dx_100_MB_-0.14_OFF_spline_k2.result -m ./result/klun-b/mesh_dx100/ -t 4000 -o ./result/klun-b/nc/
../../src/elmer2nc/elmer2nc.sh -r ./result/klun-b/mesh_dx100/klun-b_2000a_dt_0.5_dx_100_MB_-0.13_OFF_spline_k2.result -m ./result/klun-b/mesh_dx100/ -t 4000 -o ./result/klun-b/nc/
../../src/elmer2nc/elmer2nc.sh -r ./result/klun-b/mesh_dx100/klun-b_2000a_dt_0.5_dx_100_MB_-0.12_OFF_spline_k2.result -m ./result/klun-b/mesh_dx100/ -t 4000 -o ./result/klun-b/nc/
../../src/elmer2nc/elmer2nc.sh -r ./result/klun-b/mesh_dx100/klun-b_2000a_dt_0.5_dx_100_MB_-0.11_OFF_spline_k2.result -m ./result/klun-b/mesh_dx100/ -t 4000 -o ./result/klun-b/nc/
../../src/elmer2nc/elmer2nc.sh -r ./result/klun-b/mesh_dx100/klun-b_2000a_dt_0.5_dx_100_MB_-0.10_OFF_spline_k2.result -m ./result/klun-b/mesh_dx100/ -t 4000 -o ./result/klun-b/nc/
../../src/elmer2nc/elmer2nc.sh -r ./result/sprg/mesh_dx100/sprg_2000a_dt_0.5_dx_100_MB_0.10_OFF_spline_k2.result -m ./result/sprg/mesh_dx100/ -t 4000 -o ./result/sprg/nc/
../../src/elmer2nc/elmer2nc.sh -r ./result/sprg/mesh_dx100/sprg_2000a_dt_0.5_dx_100_MB_0.11_OFF_spline_k2.result -m ./result/sprg/mesh_dx100/ -t 4000 -o ./result/sprg/nc/
../../src/elmer2nc/elmer2nc.sh -r ./result/sprg/mesh_dx100/sprg_2000a_dt_0.5_dx_100_MB_0.12_OFF_spline_k2.result -m ./result/sprg/mesh_dx100/ -t 4000 -o ./result/sprg/nc/
../../src/elmer2nc/elmer2nc.sh -r ./result/sprg/mesh_dx100/sprg_2000a_dt_0.5_dx_100_MB_0.13_OFF_spline_k2.result -m ./result/sprg/mesh_dx100/ -t 4000 -o ./result/sprg/nc/
../../src/elmer2nc/elmer2nc.sh -r ./result/sprg/mesh_dx100/sprg_2000a_dt_0.5_dx_100_MB_0.14_OFF_spline_k2.result -m ./result/sprg/mesh_dx100/ -t 4000 -o ./result/sprg/nc/
../../src/elmer2nc/elmer2nc.sh -r ./result/sprg/mesh_dx100/sprg_2000a_dt_0.5_dx_100_MB_0.15_OFF_spline_k2.result -m ./result/sprg/mesh_dx100/ -t 4000 -o ./result/sprg/nc/
../../src/elmer2nc/elmer2nc.sh -r ./result/sprg/mesh_dx100/sprg_2000a_dt_0.5_dx_100_MB_0.16_OFF_spline_k2.result -m ./result/sprg/mesh_dx100/ -t 4000 -o ./result/sprg/nc/
../../src/elmer2nc/elmer2nc.sh -r ./result/sprg/mesh_dx100/sprg_2000a_dt_0.5_dx_100_MB_0.17_OFF_spline_k2.result -m ./result/sprg/mesh_dx100/ -t 4000 -o ./result/sprg/nc/
../../src/elmer2nc/elmer2nc.sh -r ./result/sprg/mesh_dx100/sprg_2000a_dt_0.5_dx_100_MB_0.18_OFF_spline_k2.result -m ./result/sprg/mesh_dx100/ -t 4000 -o ./result/sprg/nc/
../../src/elmer2nc/elmer2nc.sh -r ./result/sprg/mesh_dx100/sprg_2000a_dt_0.5_dx_100_MB_0.19_OFF_spline_k2.result -m ./result/sprg/mesh_dx100/ -t 4000 -o ./result/sprg/nc/
../../src/elmer2nc/elmer2nc.sh -r ./result/sprg/mesh_dx100/sprg_2000a_dt_0.5_dx_100_MB_0.20_OFF_spline_k2.result -m ./result/sprg/mesh_dx100/ -t 4000 -o ./result/sprg/nc/
../../src/elmer2nc/elmer2nc.sh -r ./result/sprg/mesh_dx100/sprg_2000a_dt_0.5_dx_100_MB_0.21_OFF_spline_k2.result -m ./result/sprg/mesh_dx100/ -t 4000 -o ./result/sprg/nc/
../../src/elmer2nc/elmer2nc.sh -r ./result/sprg/mesh_dx100/sprg_2000a_dt_0.5_dx_100_MB_0.22_OFF_spline_k2.result -m ./result/sprg/mesh_dx100/ -t 4000 -o ./result/sprg/nc/
../../src/elmer2nc/elmer2nc.sh -r ./result/sprg/mesh_dx100/sprg_2000a_dt_0.5_dx_100_MB_0.23_OFF_spline_k2.result -m ./result/sprg/mesh_dx100/ -t 4000 -o ./result/sprg/nc/
../../src/elmer2nc/elmer2nc.sh -r ./result/sprg/mesh_dx100/sprg_2000a_dt_0.5_dx_100_MB_0.24_OFF_spline_k2.result -m ./result/sprg/mesh_dx100/ -t 4000 -o ./result/sprg/nc/
../../src/elmer2nc/elmer2nc.sh -r ./result/sprg/mesh_dx100/sprg_2000a_dt_0.5_dx_100_MB_0.25_OFF_spline_k2.result -m ./result/sprg/mesh_dx100/ -t 4000 -o ./result/sprg/nc/
