../../src/elmer2nc/elmer2nc.sh -r ./result/crmpt12/mesh_dx50/crmpt12_1000a_dt_0_dx_50_MB_-1.5_OFF_cubic_spline.result -m ./result/crmpt12/mesh_dx50/ -t -o ./result/crmpt12/nc/
../../src/elmer2nc/elmer2nc.sh -r ./result/crmpt12/mesh_dx50/crmpt12_1000a_dt_0_dx_50_MB_-1.4_OFF_cubic_spline.result -m ./result/crmpt12/mesh_dx50/ -t -o ./result/crmpt12/nc/
../../src/elmer2nc/elmer2nc.sh -r ./result/crmpt12/mesh_dx50/crmpt12_1000a_dt_0_dx_50_MB_-1.3_OFF_cubic_spline.result -m ./result/crmpt12/mesh_dx50/ -t -o ./result/crmpt12/nc/
../../src/elmer2nc/elmer2nc.sh -r ./result/crmpt12/mesh_dx50/crmpt12_1000a_dt_0_dx_50_MB_-1.2_OFF_cubic_spline.result -m ./result/crmpt12/mesh_dx50/ -t -o ./result/crmpt12/nc/
../../src/elmer2nc/elmer2nc.sh -r ./result/crmpt12/mesh_dx50/crmpt12_1000a_dt_0_dx_50_MB_-1.1_OFF_cubic_spline.result -m ./result/crmpt12/mesh_dx50/ -t -o ./result/crmpt12/nc/
../../src/elmer2nc/elmer2nc.sh -r ./result/crmpt12/mesh_dx50/crmpt12_1000a_dt_0_dx_50_MB_-1.0_OFF_cubic_spline.result -m ./result/crmpt12/mesh_dx50/ -t -o ./result/crmpt12/nc/
../../src/elmer2nc/elmer2nc.sh -r ./result/crmpt12/mesh_dx50/crmpt12_1000a_dt_0_dx_50_MB_-0.9_OFF_cubic_spline.result -m ./result/crmpt12/mesh_dx50/ -t -o ./result/crmpt12/nc/
../../src/elmer2nc/elmer2nc.sh -r ./result/crmpt12/mesh_dx50/crmpt12_1000a_dt_0_dx_50_MB_-0.8_OFF_cubic_spline.result -m ./result/crmpt12/mesh_dx50/ -t -o ./result/crmpt12/nc/
../../src/elmer2nc/elmer2nc.sh -r ./result/crmpt12/mesh_dx50/crmpt12_1000a_dt_0_dx_50_MB_-0.7_OFF_cubic_spline.result -m ./result/crmpt12/mesh_dx50/ -t -o ./result/crmpt12/nc/
../../src/elmer2nc/elmer2nc.sh -r ./result/crmpt12/mesh_dx50/crmpt12_1000a_dt_0_dx_50_MB_-0.6_OFF_cubic_spline.result -m ./result/crmpt12/mesh_dx50/ -t -o ./result/crmpt12/nc/
../../src/elmer2nc/elmer2nc.sh -r ./result/crmpt12/mesh_dx50/crmpt12_1000a_dt_0_dx_50_MB_-0.5_OFF_cubic_spline.result -m ./result/crmpt12/mesh_dx50/ -t -o ./result/crmpt12/nc/
../../src/elmer2nc/elmer2nc.sh -r ./result/crmpt18-a/mesh_dx50/crmpt18-a_1000a_dt_0_dx_50_MB_-1.5_OFF_cubic_spline.result -m ./result/crmpt18-a/mesh_dx50/ -t -o ./result/crmpt18-a/nc/
../../src/elmer2nc/elmer2nc.sh -r ./result/crmpt18-a/mesh_dx50/crmpt18-a_1000a_dt_0_dx_50_MB_-1.4_OFF_cubic_spline.result -m ./result/crmpt18-a/mesh_dx50/ -t -o ./result/crmpt18-a/nc/
../../src/elmer2nc/elmer2nc.sh -r ./result/crmpt18-a/mesh_dx50/crmpt18-a_1000a_dt_0_dx_50_MB_-1.3_OFF_cubic_spline.result -m ./result/crmpt18-a/mesh_dx50/ -t -o ./result/crmpt18-a/nc/
../../src/elmer2nc/elmer2nc.sh -r ./result/crmpt18-a/mesh_dx50/crmpt18-a_1000a_dt_0_dx_50_MB_-1.2_OFF_cubic_spline.result -m ./result/crmpt18-a/mesh_dx50/ -t -o ./result/crmpt18-a/nc/
../../src/elmer2nc/elmer2nc.sh -r ./result/crmpt18-a/mesh_dx50/crmpt18-a_1000a_dt_0_dx_50_MB_-1.1_OFF_cubic_spline.result -m ./result/crmpt18-a/mesh_dx50/ -t -o ./result/crmpt18-a/nc/
../../src/elmer2nc/elmer2nc.sh -r ./result/crmpt18-a/mesh_dx50/crmpt18-a_1000a_dt_0_dx_50_MB_-1.0_OFF_cubic_spline.result -m ./result/crmpt18-a/mesh_dx50/ -t -o ./result/crmpt18-a/nc/
../../src/elmer2nc/elmer2nc.sh -r ./result/crmpt18-a/mesh_dx50/crmpt18-a_1000a_dt_0_dx_50_MB_-0.9_OFF_cubic_spline.result -m ./result/crmpt18-a/mesh_dx50/ -t -o ./result/crmpt18-a/nc/
../../src/elmer2nc/elmer2nc.sh -r ./result/crmpt18-a/mesh_dx50/crmpt18-a_1000a_dt_0_dx_50_MB_-0.8_OFF_cubic_spline.result -m ./result/crmpt18-a/mesh_dx50/ -t -o ./result/crmpt18-a/nc/
../../src/elmer2nc/elmer2nc.sh -r ./result/crmpt18-a/mesh_dx50/crmpt18-a_1000a_dt_0_dx_50_MB_-0.7_OFF_cubic_spline.result -m ./result/crmpt18-a/mesh_dx50/ -t -o ./result/crmpt18-a/nc/
../../src/elmer2nc/elmer2nc.sh -r ./result/crmpt18-a/mesh_dx50/crmpt18-a_1000a_dt_0_dx_50_MB_-0.6_OFF_cubic_spline.result -m ./result/crmpt18-a/mesh_dx50/ -t -o ./result/crmpt18-a/nc/
../../src/elmer2nc/elmer2nc.sh -r ./result/crmpt18-a/mesh_dx50/crmpt18-a_1000a_dt_0_dx_50_MB_-0.5_OFF_cubic_spline.result -m ./result/crmpt18-a/mesh_dx50/ -t -o ./result/crmpt18-a/nc/
../../src/elmer2nc/elmer2nc.sh -r ./result/crmpt18-b/mesh_dx50/crmpt18-b_1000a_dt_0_dx_50_MB_-1.5_OFF_cubic_spline.result -m ./result/crmpt18-b/mesh_dx50/ -t -o ./result/crmpt18-b/nc/
../../src/elmer2nc/elmer2nc.sh -r ./result/crmpt18-b/mesh_dx50/crmpt18-b_1000a_dt_0_dx_50_MB_-1.4_OFF_cubic_spline.result -m ./result/crmpt18-b/mesh_dx50/ -t -o ./result/crmpt18-b/nc/
../../src/elmer2nc/elmer2nc.sh -r ./result/crmpt18-b/mesh_dx50/crmpt18-b_1000a_dt_0_dx_50_MB_-1.3_OFF_cubic_spline.result -m ./result/crmpt18-b/mesh_dx50/ -t -o ./result/crmpt18-b/nc/
../../src/elmer2nc/elmer2nc.sh -r ./result/crmpt18-b/mesh_dx50/crmpt18-b_1000a_dt_0_dx_50_MB_-1.2_OFF_cubic_spline.result -m ./result/crmpt18-b/mesh_dx50/ -t -o ./result/crmpt18-b/nc/
../../src/elmer2nc/elmer2nc.sh -r ./result/crmpt18-b/mesh_dx50/crmpt18-b_1000a_dt_0_dx_50_MB_-1.1_OFF_cubic_spline.result -m ./result/crmpt18-b/mesh_dx50/ -t -o ./result/crmpt18-b/nc/
../../src/elmer2nc/elmer2nc.sh -r ./result/crmpt18-b/mesh_dx50/crmpt18-b_1000a_dt_0_dx_50_MB_-1.0_OFF_cubic_spline.result -m ./result/crmpt18-b/mesh_dx50/ -t -o ./result/crmpt18-b/nc/
../../src/elmer2nc/elmer2nc.sh -r ./result/crmpt18-b/mesh_dx50/crmpt18-b_1000a_dt_0_dx_50_MB_-0.9_OFF_cubic_spline.result -m ./result/crmpt18-b/mesh_dx50/ -t -o ./result/crmpt18-b/nc/
../../src/elmer2nc/elmer2nc.sh -r ./result/crmpt18-b/mesh_dx50/crmpt18-b_1000a_dt_0_dx_50_MB_-0.8_OFF_cubic_spline.result -m ./result/crmpt18-b/mesh_dx50/ -t -o ./result/crmpt18-b/nc/
../../src/elmer2nc/elmer2nc.sh -r ./result/crmpt18-b/mesh_dx50/crmpt18-b_1000a_dt_0_dx_50_MB_-0.7_OFF_cubic_spline.result -m ./result/crmpt18-b/mesh_dx50/ -t -o ./result/crmpt18-b/nc/
../../src/elmer2nc/elmer2nc.sh -r ./result/crmpt18-b/mesh_dx50/crmpt18-b_1000a_dt_0_dx_50_MB_-0.6_OFF_cubic_spline.result -m ./result/crmpt18-b/mesh_dx50/ -t -o ./result/crmpt18-b/nc/
../../src/elmer2nc/elmer2nc.sh -r ./result/crmpt18-b/mesh_dx50/crmpt18-b_1000a_dt_0_dx_50_MB_-0.5_OFF_cubic_spline.result -m ./result/crmpt18-b/mesh_dx50/ -t -o ./result/crmpt18-b/nc/
../../src/elmer2nc/elmer2nc.sh -r ./result/glc1-a/mesh_dx50/glc1-a_1000a_dt_0_dx_50_MB_-1.5_OFF_cubic_spline.result -m ./result/glc1-a/mesh_dx50/ -t -o ./result/glc1-a/nc/
../../src/elmer2nc/elmer2nc.sh -r ./result/glc1-a/mesh_dx50/glc1-a_1000a_dt_0_dx_50_MB_-1.4_OFF_cubic_spline.result -m ./result/glc1-a/mesh_dx50/ -t -o ./result/glc1-a/nc/
../../src/elmer2nc/elmer2nc.sh -r ./result/glc1-a/mesh_dx50/glc1-a_1000a_dt_0_dx_50_MB_-1.3_OFF_cubic_spline.result -m ./result/glc1-a/mesh_dx50/ -t -o ./result/glc1-a/nc/
../../src/elmer2nc/elmer2nc.sh -r ./result/glc1-a/mesh_dx50/glc1-a_1000a_dt_0_dx_50_MB_-1.2_OFF_cubic_spline.result -m ./result/glc1-a/mesh_dx50/ -t -o ./result/glc1-a/nc/
../../src/elmer2nc/elmer2nc.sh -r ./result/glc1-a/mesh_dx50/glc1-a_1000a_dt_0_dx_50_MB_-1.1_OFF_cubic_spline.result -m ./result/glc1-a/mesh_dx50/ -t -o ./result/glc1-a/nc/
../../src/elmer2nc/elmer2nc.sh -r ./result/glc1-a/mesh_dx50/glc1-a_1000a_dt_0_dx_50_MB_-1.0_OFF_cubic_spline.result -m ./result/glc1-a/mesh_dx50/ -t -o ./result/glc1-a/nc/
../../src/elmer2nc/elmer2nc.sh -r ./result/glc1-a/mesh_dx50/glc1-a_1000a_dt_0_dx_50_MB_-0.9_OFF_cubic_spline.result -m ./result/glc1-a/mesh_dx50/ -t -o ./result/glc1-a/nc/
../../src/elmer2nc/elmer2nc.sh -r ./result/glc1-a/mesh_dx50/glc1-a_1000a_dt_0_dx_50_MB_-0.8_OFF_cubic_spline.result -m ./result/glc1-a/mesh_dx50/ -t -o ./result/glc1-a/nc/
../../src/elmer2nc/elmer2nc.sh -r ./result/glc1-a/mesh_dx50/glc1-a_1000a_dt_0_dx_50_MB_-0.7_OFF_cubic_spline.result -m ./result/glc1-a/mesh_dx50/ -t -o ./result/glc1-a/nc/
../../src/elmer2nc/elmer2nc.sh -r ./result/glc1-a/mesh_dx50/glc1-a_1000a_dt_0_dx_50_MB_-0.6_OFF_cubic_spline.result -m ./result/glc1-a/mesh_dx50/ -t -o ./result/glc1-a/nc/
../../src/elmer2nc/elmer2nc.sh -r ./result/glc1-a/mesh_dx50/glc1-a_1000a_dt_0_dx_50_MB_-0.5_OFF_cubic_spline.result -m ./result/glc1-a/mesh_dx50/ -t -o ./result/glc1-a/nc/
../../src/elmer2nc/elmer2nc.sh -r ./result/glc1-b/mesh_dx50/glc1-b_1000a_dt_0_dx_50_MB_-1.5_OFF_cubic_spline.result -m ./result/glc1-b/mesh_dx50/ -t -o ./result/glc1-b/nc/
../../src/elmer2nc/elmer2nc.sh -r ./result/glc1-b/mesh_dx50/glc1-b_1000a_dt_0_dx_50_MB_-1.4_OFF_cubic_spline.result -m ./result/glc1-b/mesh_dx50/ -t -o ./result/glc1-b/nc/
../../src/elmer2nc/elmer2nc.sh -r ./result/glc1-b/mesh_dx50/glc1-b_1000a_dt_0_dx_50_MB_-1.3_OFF_cubic_spline.result -m ./result/glc1-b/mesh_dx50/ -t -o ./result/glc1-b/nc/
../../src/elmer2nc/elmer2nc.sh -r ./result/glc1-b/mesh_dx50/glc1-b_1000a_dt_0_dx_50_MB_-1.2_OFF_cubic_spline.result -m ./result/glc1-b/mesh_dx50/ -t -o ./result/glc1-b/nc/
../../src/elmer2nc/elmer2nc.sh -r ./result/glc1-b/mesh_dx50/glc1-b_1000a_dt_0_dx_50_MB_-1.1_OFF_cubic_spline.result -m ./result/glc1-b/mesh_dx50/ -t -o ./result/glc1-b/nc/
../../src/elmer2nc/elmer2nc.sh -r ./result/glc1-b/mesh_dx50/glc1-b_1000a_dt_0_dx_50_MB_-1.0_OFF_cubic_spline.result -m ./result/glc1-b/mesh_dx50/ -t -o ./result/glc1-b/nc/
../../src/elmer2nc/elmer2nc.sh -r ./result/glc1-b/mesh_dx50/glc1-b_1000a_dt_0_dx_50_MB_-0.9_OFF_cubic_spline.result -m ./result/glc1-b/mesh_dx50/ -t -o ./result/glc1-b/nc/
../../src/elmer2nc/elmer2nc.sh -r ./result/glc1-b/mesh_dx50/glc1-b_1000a_dt_0_dx_50_MB_-0.8_OFF_cubic_spline.result -m ./result/glc1-b/mesh_dx50/ -t -o ./result/glc1-b/nc/
../../src/elmer2nc/elmer2nc.sh -r ./result/glc1-b/mesh_dx50/glc1-b_1000a_dt_0_dx_50_MB_-0.7_OFF_cubic_spline.result -m ./result/glc1-b/mesh_dx50/ -t -o ./result/glc1-b/nc/
../../src/elmer2nc/elmer2nc.sh -r ./result/glc1-b/mesh_dx50/glc1-b_1000a_dt_0_dx_50_MB_-0.6_OFF_cubic_spline.result -m ./result/glc1-b/mesh_dx50/ -t -o ./result/glc1-b/nc/
../../src/elmer2nc/elmer2nc.sh -r ./result/glc1-b/mesh_dx50/glc1-b_1000a_dt_0_dx_50_MB_-0.5_OFF_cubic_spline.result -m ./result/glc1-b/mesh_dx50/ -t -o ./result/glc1-b/nc/
